<ivy-module version="1.0">
	<info organisation="org.junit" module="junit" revision="4.2" status="release" publication="20070225132627" default="true"/>
	<configurations>
		<conf name="default" visibility="public"/>
		<conf name="javadocs" visibility="public"/>
		<conf name="source" visibility="public"/>
	</configurations>
	<publications>
		<artifact name="junit" type="jar" ext="jar" conf="default"/>
		<artifact name="junit-javadocs" type="jar" ext="jar" conf="javadocs"/>
		<artifact name="junit-source" type="jar" ext="jar" conf="source"/>
	</publications>
</ivy-module>
