<ivy-module version="1.0">
	<info organisation="org.junit" module="junit" revision="4.3.1" status="release" publication="20080118155442" default="true"/>
	<configurations>
		<conf name="default" visibility="public"/>
	</configurations>
	<publications>
		<artifact name="junit" type="jar" ext="jar" conf="default"/>
	</publications>
</ivy-module>
